11728: 15:36:47.822 - ---
11728: 15:36:47.822 - Service: "Photon Socket Server" starting
11728: 15:36:47.822 - Config File: D:\School\Year 3\Minor\Card_Game_Repository\Photon-OnPremise-Server-SDK\deploy\bin_Win64\PhotonServer.config
11728: 15:36:47.824 - Will produce at most: 10 crash dumps
11728: 15:36:47.824 - Service shutting down
11728: 15:36:47.825 - Service shut down complete
5588: 17:54:08.113 - ---
5588: 17:54:08.113 - Service: "Photon Socket Server" starting
5588: 17:54:08.113 - Config File: D:\School\Year 3\Minor\Card_Game_Repository\Photon-OnPremise-Server-SDK\deploy\bin_Win64\PhotonServer.config
5588: 17:54:08.114 - Will produce at most: 10 crash dumps
5588: 17:54:08.114 - Service shutting down
5588: 17:54:08.115 - Service shut down complete
13644: 17:56:13.024 - ---
13644: 17:56:13.024 - Service: "Photon Socket Server" starting
13644: 17:56:13.024 - Config File: D:\School\Year 3\Minor\Card_Game_Repository\Photon-OnPremise-Server-SDK\deploy\bin_Win64\PhotonServer.config
13644: 17:56:13.025 - Will produce at most: 10 crash dumps
13644: 17:56:13.025 - Service shutting down
13644: 17:56:13.026 - Service shut down complete
2128: 18:01:33.543 - ---
2128: 18:01:33.543 - Service: "Photon Socket Server" starting
2128: 18:01:33.543 - Config File: D:\School\Year 3\Minor\Card_Game_Repository\Photon-OnPremise-Server-SDK\deploy\bin_Win64\PhotonServer.config
2128: 18:01:33.545 - Will produce at most: 10 crash dumps
2128: 18:01:33.545 - Service shutting down
2128: 18:01:33.546 - Service shut down complete
17892: 18:03:15.784 - ---
17892: 18:03:15.784 - Service: "Photon Socket Server" starting
17892: 18:03:15.785 - Config File: D:\School\Year 3\Minor\Card_Game_Repository\Photon-OnPremise-Server-SDK\deploy\bin_Win64\PhotonServer.config
17892: 18:03:15.786 - Will produce at most: 10 crash dumps
17892: 18:03:15.786 - Service shutting down
17892: 18:03:15.787 - Service shut down complete
17444: 18:05:21.952 - ---
17444: 18:05:21.952 - Service: "Photon Socket Server" starting
17444: 18:05:21.952 - Config File: D:\School\Year 3\Minor\Card_Game_Repository\Photon-OnPremise-Server-SDK\deploy\bin_Win64\PhotonServer.config
17444: 18:05:21.953 - Will produce at most: 10 crash dumps
17444: 18:05:21.953 - Service shutting down
17444: 18:05:21.954 - Service shut down complete
6072: 18:06:28.728 - ---
6072: 18:06:28.728 - Service: "Photon Socket Server" starting
6072: 18:06:28.729 - Config File: D:\School\Year 3\Minor\Card_Game_Repository\Photon-OnPremise-Server-SDK\deploy\bin_Win64\PhotonServer.config
6072: 18:06:28.730 - Will produce at most: 10 crash dumps
6072: 18:06:28.730 - Service shutting down
6072: 18:06:28.731 - Service shut down complete
17324: 18:11:24.382 - ---
17324: 18:11:24.382 - Service: "Photon Socket Server" starting
17324: 18:11:24.383 - Config File: D:\School\Year 3\Minor\Card_Game_Repository\Photon-OnPremise-Server-SDK\deploy\bin_Win64\PhotonServer.config
17324: 18:11:24.384 - Will produce at most: 10 crash dumps
17324: 18:11:24.384 - Service shutting down
17324: 18:11:24.385 - Service shut down complete
11664: 18:13:54.773 - ---
11664: 18:13:54.773 - Service: "Photon Socket Server" starting
11664: 18:13:54.774 - Config File: D:\School\Year 3\Minor\Card_Game_Repository\Photon-OnPremise-Server-SDK\deploy\bin_Win64\PhotonServer.config
11664: 18:13:54.775 - Will produce at most: 10 crash dumps
11664: 18:13:54.775 - Service shutting down
11664: 18:13:54.776 - Service shut down complete
17576: 18:17:54.667 - ---
17576: 18:17:54.667 - Service: "Photon Socket Server" starting
17576: 18:17:54.667 - Config File: D:\School\Year 3\Minor\Card_Game_Repository\Photon-OnPremise-Server-SDK\deploy\bin_Win64\PhotonServer.config
17576: 18:17:54.668 - Will produce at most: 10 crash dumps
17576: 18:17:54.668 - Service shutting down
17576: 18:17:54.669 - Service shut down complete
3540: 23:59:05.861 - ---
3540: 23:59:05.861 - Service: "Photon Socket Server" starting
3540: 23:59:05.862 - Config File: D:\School\Year 3\Minor\Card_Game_Repository\Photon-OnPremise-Server-SDK\deploy\bin_Win64\PhotonServer.config
3540: 23:59:05.863 - Will produce at most: 10 crash dumps
3540: 23:59:05.863 - Service shutting down
3540: 23:59:05.863 - Service shut down complete
