11300: 00:00:42.461 - ---
11300: 00:00:42.461 - Service: "Photon Socket Server" starting
11300: 00:00:42.461 - Config File: D:\School\Year 3\Minor\Card_Game_Repository\Photon-OnPremise-Server-SDK\deploy\bin_Win64\PhotonServer.config
11300: 00:00:42.462 - Will produce at most: 10 crash dumps
11300: 00:00:42.462 - Service shutting down
11300: 00:00:42.463 - Service shut down complete
13752: 00:03:48.284 - ---
13752: 00:03:48.284 - Service: "Photon Socket Server" starting
13752: 00:03:48.284 - Config File: D:\School\Year 3\Minor\Card_Game_Repository\Photon-OnPremise-Server-SDK\deploy\bin_Win64\PhotonServer.config
13752: 00:03:48.285 - Will produce at most: 10 crash dumps
13752: 00:03:48.286 - Service shutting down
13752: 00:03:48.286 - Service shut down complete
18712: 00:51:42.785 - ---
18712: 00:51:42.785 - Service: "Photon Socket Server" starting
18712: 00:51:42.785 - Config File: D:\School\Year 3\Minor\Card_Game_Repository\Photon-OnPremise-Server-SDK\deploy\bin_Win64\PhotonServer.config
18712: 00:51:42.786 - Will produce at most: 10 crash dumps
18712: 00:51:42.786 - Service shutting down
18712: 00:51:42.787 - Service shut down complete
18660: 00:57:18.592 - ---
18660: 00:57:18.592 - Service: "Photon Socket Server" starting
18660: 00:57:18.592 - Config File: D:\School\Year 3\Minor\Card_Game_Repository\Photon-OnPremise-Server-SDK\deploy\bin_Win64\PhotonServer.config
18660: 00:57:18.594 - Will produce at most: 10 crash dumps
18660: 00:57:18.594 - Service shutting down
18660: 00:57:18.594 - Service shut down complete
11052: 02:02:05.505 - ---
11052: 02:02:05.505 - Service: "Photon Socket Server" starting
11052: 02:02:05.505 - Config File: D:\School\Year 3\Minor\Card_Game_Repository\Photon-OnPremise-Server-SDK\deploy\bin_Win64\PhotonServer.config
11052: 02:02:05.506 - Will produce at most: 10 crash dumps
11052: 02:02:05.506 - Service shutting down
11052: 02:02:05.507 - Service shut down complete
11896: 16:55:03.537 - ---
11896: 16:55:03.537 - Service: "Photon Socket Server" starting
11896: 16:55:03.537 - Config File: D:\School\Year 3\Minor\Card_Game_Repository\Photon-OnPremise-Server-SDK\deploy\bin_Win64\PhotonServer.config
11896: 16:55:03.538 - Will produce at most: 10 crash dumps
11896: 16:55:03.538 - Service shutting down
11896: 16:55:03.539 - Service shut down complete
3444: 19:45:42.476 - ---
3444: 19:45:42.476 - Service: "Photon Socket Server" starting
3444: 19:45:42.477 - Config File: D:\School\Year 3\Minor\Card_Game_Repository\Photon-OnPremise-Server-SDK\deploy\bin_Win64\PhotonServer.config
3444: 19:45:42.477 - Will produce at most: 10 crash dumps
3444: 19:45:42.478 - Service shutting down
3444: 19:45:42.478 - Service shut down complete
