2018-09-07 20:40:10,094 [1] INFO  Photon.StarDust.Client.Program - Starting 5 games with 3 players
2018-09-07 20:40:10,516 [6] INFO  Photon.StarDust.Client.Program - [14748] Started game WOLLY-PC(14748)1 with 3 clients
2018-09-07 20:40:11,000 [6] INFO  Photon.StarDust.Client.Program - [14748] Started game WOLLY-PC(14748)2 with 3 clients
2018-09-07 20:40:11,110 [14] DEBUG Photon.StarDust.Client.Program - peers: 0, r-ev: 0, ur-ev: 0, r-op: 0, ur-op: 0, res: 0, r-rtt: 0, ur-rtt: 0, rtt: 0, var: 0, flsh-rtt: 0, flsh-ev 0, flsh-op 0
2018-09-07 20:40:11,386 [6] INFO  Photon.StarDust.Client.Program - [14748] Started game WOLLY-PC(14748)3 with 3 clients
2018-09-07 20:40:11,847 [6] INFO  Photon.StarDust.Client.Program - [14748] Started game WOLLY-PC(14748)4 with 3 clients
2018-09-07 20:40:12,111 [14] DEBUG Photon.StarDust.Client.Program - peers: 0, r-ev: 0, ur-ev: 0, r-op: 0, ur-op: 0, res: 0, r-rtt: 0, ur-rtt: 0, rtt: 0, var: 0, flsh-rtt: 0, flsh-ev 0, flsh-op 0
2018-09-07 20:40:12,418 [6] INFO  Photon.StarDust.Client.Program - [14748] Started game WOLLY-PC(14748)5 with 3 clients
2018-09-07 20:40:12,846 [35] WARN  Photon.StarDust.Client.ConnectionStates.LoadBalancing.AuthenticatedOnMaster - OnOperationReturn: JoinGame failed: ReturnCode: 32758 (Game does not exists). Disconnecting...
2018-09-07 20:40:12,846 [18] WARN  Photon.StarDust.Client.ConnectionStates.LoadBalancing.AuthenticatedOnMaster - OnOperationReturn: JoinGame failed: ReturnCode: 32758 (Game does not exists). Disconnecting...
2018-09-07 20:40:12,846 [17] WARN  Photon.StarDust.Client.ConnectionStates.LoadBalancing.AuthenticatedOnMaster - OnOperationReturn: JoinGame failed: ReturnCode: 32758 (Game does not exists). Disconnecting...
2018-09-07 20:40:12,847 [35] WARN  Photon.StarDust.Client.ConnectionStates.LoadBalancing.AuthenticatedOnMaster - OnOperationReturn: JoinGame failed: ReturnCode: 32758 (Game does not exists). Disconnecting...
2018-09-07 20:40:12,847 [18] WARN  Photon.StarDust.Client.ConnectionStates.LoadBalancing.AuthenticatedOnMaster - OnOperationReturn: JoinGame failed: ReturnCode: 32758 (Game does not exists). Disconnecting...
2018-09-07 20:40:12,847 [35] WARN  Photon.StarDust.Client.ConnectionStates.LoadBalancing.AuthenticatedOnMaster - OnOperationReturn: JoinGame failed: ReturnCode: 32758 (Game does not exists). Disconnecting...
2018-09-07 20:40:12,847 [18] WARN  Photon.StarDust.Client.ConnectionStates.LoadBalancing.AuthenticatedOnMaster - OnOperationReturn: CreateGame failed: ReturnCode: 32762 (Failed to get server instance.). Disconnecting...
2018-09-07 20:40:12,847 [35] WARN  Photon.StarDust.Client.ConnectionStates.LoadBalancing.AuthenticatedOnMaster - OnOperationReturn: JoinGame failed: ReturnCode: 32758 (Game does not exists). Disconnecting...
2018-09-07 20:40:12,847 [17] WARN  Photon.StarDust.Client.ConnectionStates.LoadBalancing.AuthenticatedOnMaster - OnOperationReturn: CreateGame failed: ReturnCode: 32762 (Failed to get server instance.). Disconnecting...
2018-09-07 20:40:12,848 [18] WARN  Photon.StarDust.Client.ConnectionStates.LoadBalancing.AuthenticatedOnMaster - OnOperationReturn: CreateGame failed: ReturnCode: 32762 (Failed to get server instance.). Disconnecting...
2018-09-07 20:40:12,849 [16] INFO  Photon.StarDust.Client.ConnectionStates.LoadBalancing.WaitingForGameServerConnect - Connecting to 127.0.0.1:5056
2018-09-07 20:40:12,851 [5] INFO  Photon.StarDust.Client.ConnectionStates.LoadBalancing.WaitingForGameServerConnect - Connecting to 127.0.0.1:5056
2018-09-07 20:40:12,937 [18] WARN  Photon.StarDust.Client.ConnectionStates.LoadBalancing.AuthenticatedOnMaster - OnOperationReturn: JoinGame failed: ReturnCode: 32758 (Game does not exists). Disconnecting...
2018-09-07 20:40:13,123 [33] DEBUG Photon.StarDust.Client.Program - peers: 15, r-ev: 14.81996, ur-ev: 0, r-op: 31.61591, ur-op: 0, res: 29.63991, r-rtt: 0, ur-rtt: 0, rtt: 0, var: 0, flsh-rtt: 0, flsh-ev 0, flsh-op 0
2018-09-07 20:40:13,358 [18] WARN  Photon.StarDust.Client.ConnectionStates.LoadBalancing.AuthenticatedOnMaster - OnOperationReturn: JoinGame failed: ReturnCode: 32758 (Game does not exists). Disconnecting...
2018-09-07 20:40:13,358 [17] INFO  Photon.StarDust.Client.ConnectionStates.LoadBalancing.WaitingForGameServerConnect - Connecting to 127.0.0.1:5056
2018-09-07 20:40:14,128 [31] DEBUG Photon.StarDust.Client.Program - peers: 15, r-ev: 14.92015, ur-ev: 0, r-op: 25.86158, ur-op: 0, res: 5.968058, r-rtt: 29.81818, ur-rtt: 0, rtt: 5.333333, var: 25.66667, flsh-rtt: 0, flsh-ev 0, flsh-op 0
2018-09-07 20:40:15,139 [18] DEBUG Photon.StarDust.Client.Program - peers: 15, r-ev: 19.79611, ur-ev: 0, r-op: 26.72476, ur-op: 0, res: 0, r-rtt: 28.6, ur-rtt: 0, rtt: 9, var: 7, flsh-rtt: 0, flsh-ev 0, flsh-op 0
2018-09-07 20:40:16,140 [32] DEBUG Photon.StarDust.Client.Program - peers: 15, r-ev: 17.97849, ur-ev: 0, r-op: 26.96771, ur-op: 0, res: 0, r-rtt: 26.72222, ur-rtt: 0, rtt: 8.333333, var: 7, flsh-rtt: 0, flsh-ev 0, flsh-op 0
