14976: 17:21:28.690 - ---
14976: 17:21:28.690 - Service: "Photon Socket Server" starting
14976: 17:21:28.690 - Config File: D:\School\Year 3\Minor\Card_Game_Repository\Photon-OnPremise-Server-SDK\src-server\Loadbalancing\PhotonServer.LoadBalancing-Development.config
14976: 17:21:28.693 - Will produce at most: 10 crash dumps
14976: 17:21:28.693 - Action: run as exe
14976: 17:21:28.734 - Server Starting...
14976: 17:21:28.734 -    Tick count: 2176692546 (wraps in: 24.5171 days)
14976: 17:21:28.734 - Tick count 64: 2176692546
14976: 17:21:28.734 - Photon Version: 4.1.28.2936
14976: 17:21:28.734 - PID: 14756
14976: 17:21:28.735 - Config File: D:\School\Year 3\Minor\Card_Game_Repository\Photon-OnPremise-Server-SDK\src-server\Loadbalancing\PhotonServer.LoadBalancing-Development.config
14976: 17:21:28.735 - Will NOT log unimportant exceptions
14976: 17:21:28.736 - Performance counters NOT enabled, user must have SE_CREATE_GLOBAL_NAME privilege
14976: 17:21:28.770 - Shutdown timeout enabled: 30000ms
14976: 17:21:28.794 - Starting I/O thread pool with 2 threads
14976: 17:21:28.795 - Using Standard allocator
14976: 17:21:28.795 - Max message size: 512000
14976: 17:21:28.796 - Starting business logic thread pool with the following settings
14976: 17:21:28.796 - InitialThreads: 4 threads
14976: 17:21:28.796 - MinThreads: 4 threads
14976: 17:21:28.796 - Thread pool is fixed size
14976: 17:21:28.797 - Starting ENet thread pool with the following settings
14976: 17:21:28.797 - InitialThreads: 2 threads
14976: 17:21:28.797 - MinThreads: 2 threads
14976: 17:21:28.797 - Thread pool is fixed size
14976: 17:21:28.797 - OnlyDispatchTimers: False
14976: 17:21:28.798 - S2S: flow control: Max pending writes: 50
14976: 17:21:28.798 - S2S: flow control: Max queued buffers: 200
14976: 17:21:28.798 - S2S: flow control: Max pending writes MUX: 500
14976: 17:21:28.798 - S2S: flow control: Max queued buffers MUX: 2000
14976: 17:21:28.798 - S2S: MaxInboundMessageSize: 512000
14976: 17:21:28.798 - S2S: MaxOutboundMessageSize: 512000
14976: 17:21:28.798 - S2S: No inactivity timeout
14976: 17:21:28.806 - WebSocket S2S: MaxInboundMessageSize: 512000
14976: 17:21:28.806 - WebSocket S2S: MaxOutboundMessageSize: 512000
14976: 17:21:28.806 - WebSocket S2S: No inactivity timeout
14976: 17:21:28.807 - Max Reliable Data In Transit (awaiting ACKs) per peer : 51200 bytes
14976: 17:21:28.807 - Per peer bandwidth limit
14976: 17:21:28.807 - Transmit Rate Limit: 256 KB/Sec
14976: 17:21:28.807 - Limit period: 200ms
14976: 17:21:28.807 - Limit per period: 52428 bytes
14976: 17:21:28.807 - Max queued data for transmission per peer: 512000 bytes
14976: 17:21:28.807 - Minimum retransmit timeout: 200
14976: 17:21:28.807 - No Maximum retransmit timeout
14976: 17:21:28.807 - Minimum ENet timeout: 5000ms
14976: 17:21:28.807 - Maximum ENet timeout: 30000ms
14976: 17:21:28.807 - Max Inbound Reliable Data Queued (awaiting resends of earlier sequence numbers) per peer : 163840 bytes
14976: 17:21:28.807 - No RTT ACK adjustment timeout
14976: 17:21:28.807 - Outbound ENet: MaxInboundMessageSize: 512000
14976: 17:21:28.807 - Outbound ENet: MaxOutboundMessageSize: 512000
14976: 17:21:28.862 - GetRuntime - About to load CLR - versions available:
14976: 17:21:28.862 - v2.0.50727
14976: 17:21:28.862 - v4.0.30319
14976: 17:21:28.862 - Configuration requests: "v2.0.50727"
14976: 17:21:28.862 - About to load version: "v2.0.50727"
14976: 17:21:28.898 - About to load runtime: PhotonHostRuntime.PhotonDomainManager from PhotonHostRuntime, Culture=neutral, PublicKeyToken=02C301B61B060C4D
14976: 17:21:28.898 - CLRBaseDirectory set to "D:\School\Year 3\Minor\Card_Game_Repository\Photon-OnPremise-Server-SDK\src-server"
14976: 17:21:28.898 - Optimising event broadcast for 20 or more peers
14976: 17:21:28.919 - Start: About to load CLR - versions available:
14976: 17:21:28.919 - v2.0.50727
14976: 17:21:28.919 - v4.0.30319
14976: 17:21:28.919 - Configuration requests: "v4.0"
14976: 17:21:28.919 - About to load version: "v4.0"
14976: 17:21:28.921 - Loaded version: "v4.0.30319"
14976: 17:21:29.528 - Photon host runtime loaded
14976: 17:21:31.444 - LICENSE: No license file was found. Starting with Bootstrap License.
14976: 17:21:31.445 - License is valid.
14976: 17:21:31.445 - Licensed for 20 concurrent connections.
14976: 17:21:31.445 - ENet: Max Reliable Data In Transit (awaiting ACKs) per peer : 51200 bytes
14976: 17:21:31.445 - ENet: Per peer bandwidth limit
14976: 17:21:31.445 - ENet: Transmit Rate Limit: 256 KB/Sec
14976: 17:21:31.445 - ENet: Limit period: 200ms
14976: 17:21:31.445 - ENet: Limit per period: 52428 bytes
14976: 17:21:31.445 - ENet: Max queued data for transmission per peer: 512000 bytes
14976: 17:21:31.445 - ENet: Minimum retransmit timeout: 200
14976: 17:21:31.445 - No Maximum retransmit timeout
14976: 17:21:31.445 - ENet: Minimum timeout: 5000ms
14976: 17:21:31.445 - ENet: Maximum timeout: 30000ms
14976: 17:21:31.445 - ENet: Max Inbound Reliable Data Queued (awaiting resends of earlier sequence numbers) per peer : 163840 bytes
14976: 17:21:31.445 - No RTT ACK adjustment timeout
14976: 17:21:31.445 - About to load application: Master from Photon.LoadBalancing
14976: 17:21:31.445 - Application Root Directory: "LoadBalancing"
14976: 17:21:31.445 - Auto restart is enabled for application, existing connections will be terminated during restart
14976: 17:21:31.445 - Application will restart 1000ms after the last change detected
14976: 17:21:31.445 - Application will restart if files matching the following are changed: "dll;config"
14976: 17:21:31.445 - Application will NOT restart if files matching the following are changed: "log4net.config"
14976: 17:21:31.484 - *******************************************************************************************************************************
14976: 17:21:31.484 -  Using CustomAssemblyLoader:
14976: 17:21:31.484 -    PhotonSocketServer.exe is not located in the sub-dir-tree of the configured CLRbaseDirectory 'D:\School\Year 3\Minor\Card_Game_Repository\Photon-OnPremise-Server-SDK\src-server'.
14976: 17:21:31.484 -    Setting CLRbaseDirectory to 'D:\School\Year 3\Minor\Card_Game_Repository\Photon-OnPremise-Server-SDK\deploy\bin_Win32'
14976: 17:21:31.484 -    WARNING: Your Application logs might be found beside the Photon logs - to fix this check the log4net samples in the demos.
14976: 17:21:31.484 -    WARNING: Code using AppDomain.CurrentDomain.BaseDirectory, should use ApplicationBase.ApplicationRootPath instead.
14976: 17:21:31.484 - *******************************************************************************************************************************
14976: 17:21:31.984 - Taking reference on default app domain
14976: 17:21:32.318 - Application: "Master" started in app domain: 2
14976: 17:21:32.318 - About to load application: Game from Photon.LoadBalancing
14976: 17:21:32.318 - Application Root Directory: "LoadBalancing"
14976: 17:21:32.318 - Auto restart is enabled for application, existing connections will be terminated during restart
14976: 17:21:32.318 - Application will restart 1000ms after the last change detected
14976: 17:21:32.318 - Application will restart if files matching the following are changed: "dll;config"
14976: 17:21:32.318 - Application will NOT restart if files matching the following are changed: "log4net.config"
14976: 17:21:32.322 - *******************************************************************************************************************************
14976: 17:21:32.322 -  Using CustomAssemblyLoader:
14976: 17:21:32.322 -    PhotonSocketServer.exe is not located in the sub-dir-tree of the configured CLRbaseDirectory 'D:\School\Year 3\Minor\Card_Game_Repository\Photon-OnPremise-Server-SDK\src-server'.
14976: 17:21:32.322 -    Setting CLRbaseDirectory to 'D:\School\Year 3\Minor\Card_Game_Repository\Photon-OnPremise-Server-SDK\deploy\bin_Win32'
14976: 17:21:32.322 -    WARNING: Your Application logs might be found beside the Photon logs - to fix this check the log4net samples in the demos.
14976: 17:21:32.322 -    WARNING: Code using AppDomain.CurrentDomain.BaseDirectory, should use ApplicationBase.ApplicationRootPath instead.
14976: 17:21:32.322 - *******************************************************************************************************************************
14976: 17:21:32.701 - Taking reference on default app domain
14976: 17:21:32.803 - Application: "Game" started in app domain: 3
14976: 17:21:32.860 - Adding TCP listener on: 0.0.0.0: 4530 with a listen backlog of: 150
14976: 17:21:32.860 - TCP inactivity timeout: 10000ms
14976: 17:21:32.860 - TCP disconnect timeout: 120000ms
14976: 17:21:32.860 - MaxInboundMessageSize: 512000
14976: 17:21:32.860 - MaxOutboundMessageSize: 512000
14976: 17:21:32.860 - Forcing all applications ids to: "Master"
14976: 17:21:32.910 - Serving policy file requests from: "D:\School\Year 3\Minor\Card_Game_Repository\Photon-OnPremise-Server-SDK\deploy\Policy\assets\socket-policy.xml"
14976: 17:21:32.944 - Adding TCP listener on: 0.0.0.0: 4531 with a listen backlog of: 150
14976: 17:21:32.944 - TCP inactivity timeout: 10000ms
14976: 17:21:32.944 - TCP disconnect timeout: 120000ms
14976: 17:21:32.944 - MaxInboundMessageSize: 512000
14976: 17:21:32.944 - MaxOutboundMessageSize: 512000
14976: 17:21:32.944 - Forcing all applications ids to: "Game"
14976: 17:21:32.944 - Serving policy file requests from: "D:\School\Year 3\Minor\Card_Game_Repository\Photon-OnPremise-Server-SDK\deploy\Policy\assets\socket-policy.xml"
14976: 17:21:32.944 - Adding TCP listener on: 0.0.0.0: 4520 with a listen backlog of: 150
14976: 17:21:32.944 - TCP inactivity timeout: 5000ms
14976: 17:21:32.944 - TCP disconnect timeout: 120000ms
14976: 17:21:32.944 - MaxInboundMessageSize: 512000
14976: 17:21:32.944 - MaxOutboundMessageSize: 512000
14976: 17:21:32.944 - Forcing all applications ids to: "Master"
14976: 17:21:32.944 - MaxInboundMessageSize: 512000
14976: 17:21:32.944 - MaxOutboundMessageSize: 512000
14976: 17:21:32.944 - UDP address specified as: "0.0.0.0" adding listener to each available IPv4 address
14976: 17:21:32.945 - Adding UDP listener on: 192.168.2.3: 5055 with a listen backlog of: 500
14976: 17:21:32.945 - Adding UDP listener on: 127.0.0.1: 5055 with a listen backlog of: 500
14976: 17:21:32.945 - Forcing all applications ids to: "Game"
14976: 17:21:32.945 - MaxInboundMessageSize: 512000
14976: 17:21:32.945 - MaxOutboundMessageSize: 512000
14976: 17:21:32.945 - UDP address specified as: "0.0.0.0" adding listener to each available IPv4 address
14976: 17:21:32.945 - Adding UDP listener on: 192.168.2.3: 5056 with a listen backlog of: 500
14976: 17:21:32.945 - Adding UDP listener on: 127.0.0.1: 5056 with a listen backlog of: 500
14976: 17:21:32.945 - Adding WebSocket TCP listener on: 0.0.0.0: 9090 with a listen backlog of: 150
14976: 17:21:32.945 - Nagle disabled
14976: 17:21:32.945 - TCP inactivity timeout: 10000ms
14976: 17:21:32.946 - MaxInboundMessageSize: 512000
14976: 17:21:32.946 - MaxOutboundMessageSize: 512000
14976: 17:21:32.946 - Forcing all applications ids to: "Master"
14976: 17:21:32.946 - Will accept ANY sub-protocols from the client
14976: 17:21:32.946 - No automatic WebSocket ping
14976: 17:21:32.963 - Adding WebSocket TCP listener on: 0.0.0.0: 9091 with a listen backlog of: 150
14976: 17:21:32.963 - Nagle disabled
14976: 17:21:32.963 - TCP inactivity timeout: 10000ms
14976: 17:21:32.963 - MaxInboundMessageSize: 512000
14976: 17:21:32.963 - MaxOutboundMessageSize: 512000
14976: 17:21:32.963 - Forcing all applications ids to: "Game"
14976: 17:21:32.963 - Will accept ANY sub-protocols from the client
14976: 17:21:32.963 - No automatic WebSocket ping
14976: 17:21:32.963 - Adding Policy File listener on: 0.0.0.0: 843 with a listen backlog of: 150 and serving Policy File: "D:\School\Year 3\Minor\Card_Game_Repository\Photon-OnPremise-Server-SDK\deploy\Policy\assets\socket-policy.xml"
14976: 17:21:32.963 - TCP inactivity timeout: 10000ms
14976: 17:21:32.968 - Adding Policy File listener on: 0.0.0.0: 943 with a listen backlog of: 150 and serving Policy File: "D:\School\Year 3\Minor\Card_Game_Repository\Photon-OnPremise-Server-SDK\deploy\Policy\assets\socket-policy-silverlight.xml"
14976: 17:21:32.968 - TCP inactivity timeout: 10000ms
14976: 17:21:33.913 - Service is running...
14856: 17:27:35.416 - ---
14856: 17:27:35.416 - Service: "Photon Socket Server" starting
14856: 17:27:35.416 - Config File: D:\School\Year 3\Minor\Card_Game_Repository\Photon-OnPremise-Server-SDK\src-server\Loadbalancing\PhotonServer.LoadBalancing-Development.config
14856: 17:27:35.418 - Will produce at most: 10 crash dumps
14856: 17:27:35.418 - Action: run as exe
14856: 17:27:35.418 - Server Starting...
14856: 17:27:35.418 -    Tick count: 2177059234 (wraps in: 24.5128 days)
14856: 17:27:35.418 - Tick count 64: 2177059234
14856: 17:27:35.418 - Photon Version: 4.1.28.2936
14856: 17:27:35.418 - PID: 13584
14856: 17:27:35.418 - Config File: D:\School\Year 3\Minor\Card_Game_Repository\Photon-OnPremise-Server-SDK\src-server\Loadbalancing\PhotonServer.LoadBalancing-Development.config
14856: 17:27:35.419 - Will NOT log unimportant exceptions
14856: 17:27:35.419 - Performance counters NOT enabled, user must have SE_CREATE_GLOBAL_NAME privilege
14856: 17:27:35.421 - Shutdown timeout enabled: 30000ms
14856: 17:27:35.421 - Starting I/O thread pool with 2 threads
14856: 17:27:35.421 - Using Standard allocator
14856: 17:27:35.421 - Max message size: 512000
14856: 17:27:35.421 - Starting business logic thread pool with the following settings
14856: 17:27:35.421 - InitialThreads: 4 threads
14856: 17:27:35.421 - MinThreads: 4 threads
14856: 17:27:35.421 - Thread pool is fixed size
14856: 17:27:35.422 - Starting ENet thread pool with the following settings
14856: 17:27:35.422 - InitialThreads: 2 threads
14856: 17:27:35.422 - MinThreads: 2 threads
14856: 17:27:35.422 - Thread pool is fixed size
14856: 17:27:35.422 - OnlyDispatchTimers: False
14856: 17:27:35.422 - S2S: flow control: Max pending writes: 50
14856: 17:27:35.422 - S2S: flow control: Max queued buffers: 200
14856: 17:27:35.422 - S2S: flow control: Max pending writes MUX: 500
14856: 17:27:35.422 - S2S: flow control: Max queued buffers MUX: 2000
14856: 17:27:35.422 - S2S: MaxInboundMessageSize: 512000
14856: 17:27:35.422 - S2S: MaxOutboundMessageSize: 512000
14856: 17:27:35.422 - S2S: No inactivity timeout
14856: 17:27:35.426 - WebSocket S2S: MaxInboundMessageSize: 512000
14856: 17:27:35.426 - WebSocket S2S: MaxOutboundMessageSize: 512000
14856: 17:27:35.426 - WebSocket S2S: No inactivity timeout
14856: 17:27:35.426 - Max Reliable Data In Transit (awaiting ACKs) per peer : 51200 bytes
14856: 17:27:35.426 - Per peer bandwidth limit
14856: 17:27:35.426 - Transmit Rate Limit: 256 KB/Sec
14856: 17:27:35.426 - Limit period: 200ms
14856: 17:27:35.426 - Limit per period: 52428 bytes
14856: 17:27:35.426 - Max queued data for transmission per peer: 512000 bytes
14856: 17:27:35.426 - Minimum retransmit timeout: 200
14856: 17:27:35.426 - No Maximum retransmit timeout
14856: 17:27:35.426 - Minimum ENet timeout: 5000ms
14856: 17:27:35.426 - Maximum ENet timeout: 30000ms
14856: 17:27:35.426 - Max Inbound Reliable Data Queued (awaiting resends of earlier sequence numbers) per peer : 163840 bytes
14856: 17:27:35.426 - No RTT ACK adjustment timeout
14856: 17:27:35.426 - Outbound ENet: MaxInboundMessageSize: 512000
14856: 17:27:35.426 - Outbound ENet: MaxOutboundMessageSize: 512000
14856: 17:27:35.456 - GetRuntime - About to load CLR - versions available:
14856: 17:27:35.456 - v2.0.50727
14856: 17:27:35.456 - v4.0.30319
14856: 17:27:35.456 - Configuration requests: "v2.0.50727"
14856: 17:27:35.456 - About to load version: "v2.0.50727"
14856: 17:27:35.461 - About to load runtime: PhotonHostRuntime.PhotonDomainManager from PhotonHostRuntime, Culture=neutral, PublicKeyToken=02C301B61B060C4D
14856: 17:27:35.461 - CLRBaseDirectory set to "D:\School\Year 3\Minor\Card_Game_Repository\Photon-OnPremise-Server-SDK\src-server"
14856: 17:27:35.462 - Optimising event broadcast for 20 or more peers
14856: 17:27:35.462 - Start: About to load CLR - versions available:
14856: 17:27:35.462 - v2.0.50727
14856: 17:27:35.462 - v4.0.30319
14856: 17:27:35.462 - Configuration requests: "v4.0"
14856: 17:27:35.462 - About to load version: "v4.0"
14856: 17:27:35.464 - Loaded version: "v4.0.30319"
14856: 17:27:36.229 - Photon host runtime loaded
14856: 17:27:38.008 - LICENSE: No license file was found. Starting with Bootstrap License.
14856: 17:27:38.008 - License is valid.
14856: 17:27:38.008 - Licensed for 20 concurrent connections.
14856: 17:27:38.008 - ENet: Max Reliable Data In Transit (awaiting ACKs) per peer : 51200 bytes
14856: 17:27:38.008 - ENet: Per peer bandwidth limit
14856: 17:27:38.008 - ENet: Transmit Rate Limit: 256 KB/Sec
14856: 17:27:38.008 - ENet: Limit period: 200ms
14856: 17:27:38.008 - ENet: Limit per period: 52428 bytes
14856: 17:27:38.008 - ENet: Max queued data for transmission per peer: 512000 bytes
14856: 17:27:38.008 - ENet: Minimum retransmit timeout: 200
14856: 17:27:38.008 - No Maximum retransmit timeout
14856: 17:27:38.008 - ENet: Minimum timeout: 5000ms
14856: 17:27:38.008 - ENet: Maximum timeout: 30000ms
14856: 17:27:38.008 - ENet: Max Inbound Reliable Data Queued (awaiting resends of earlier sequence numbers) per peer : 163840 bytes
14856: 17:27:38.008 - No RTT ACK adjustment timeout
14856: 17:27:38.009 - About to load application: Master from Photon.LoadBalancing
14856: 17:27:38.009 - Application Root Directory: "LoadBalancing"
14856: 17:27:38.009 - Auto restart is enabled for application, existing connections will be terminated during restart
14856: 17:27:38.009 - Application will restart 1000ms after the last change detected
14856: 17:27:38.009 - Application will restart if files matching the following are changed: "dll;config"
14856: 17:27:38.009 - Application will NOT restart if files matching the following are changed: "log4net.config"
14856: 17:27:38.015 - *******************************************************************************************************************************
14856: 17:27:38.015 -  Using CustomAssemblyLoader:
14856: 17:27:38.015 -    PhotonSocketServer.exe is not located in the sub-dir-tree of the configured CLRbaseDirectory 'D:\School\Year 3\Minor\Card_Game_Repository\Photon-OnPremise-Server-SDK\src-server'.
14856: 17:27:38.015 -    Setting CLRbaseDirectory to 'D:\School\Year 3\Minor\Card_Game_Repository\Photon-OnPremise-Server-SDK\deploy\bin_Win32'
14856: 17:27:38.015 -    WARNING: Your Application logs might be found beside the Photon logs - to fix this check the log4net samples in the demos.
14856: 17:27:38.015 -    WARNING: Code using AppDomain.CurrentDomain.BaseDirectory, should use ApplicationBase.ApplicationRootPath instead.
14856: 17:27:38.015 - *******************************************************************************************************************************
14856: 17:27:38.229 - Taking reference on default app domain
14856: 17:27:38.368 - Application: "Master" started in app domain: 2
14856: 17:27:38.368 - About to load application: Game from Photon.LoadBalancing
14856: 17:27:38.368 - Application Root Directory: "LoadBalancing"
14856: 17:27:38.368 - Auto restart is enabled for application, existing connections will be terminated during restart
14856: 17:27:38.368 - Application will restart 1000ms after the last change detected
14856: 17:27:38.368 - Application will restart if files matching the following are changed: "dll;config"
14856: 17:27:38.368 - Application will NOT restart if files matching the following are changed: "log4net.config"
14856: 17:27:38.373 - *******************************************************************************************************************************
14856: 17:27:38.373 -  Using CustomAssemblyLoader:
14856: 17:27:38.373 -    PhotonSocketServer.exe is not located in the sub-dir-tree of the configured CLRbaseDirectory 'D:\School\Year 3\Minor\Card_Game_Repository\Photon-OnPremise-Server-SDK\src-server'.
14856: 17:27:38.373 -    Setting CLRbaseDirectory to 'D:\School\Year 3\Minor\Card_Game_Repository\Photon-OnPremise-Server-SDK\deploy\bin_Win32'
14856: 17:27:38.373 -    WARNING: Your Application logs might be found beside the Photon logs - to fix this check the log4net samples in the demos.
14856: 17:27:38.373 -    WARNING: Code using AppDomain.CurrentDomain.BaseDirectory, should use ApplicationBase.ApplicationRootPath instead.
14856: 17:27:38.374 - *******************************************************************************************************************************
14856: 17:27:38.645 - Taking reference on default app domain
14856: 17:27:38.752 - Application: "Game" started in app domain: 3
14856: 17:27:38.752 - Adding TCP listener on: 0.0.0.0: 4530 with a listen backlog of: 150
14856: 17:27:38.752 - TCP inactivity timeout: 10000ms
14856: 17:27:38.752 - TCP disconnect timeout: 120000ms
14856: 17:27:38.752 - MaxInboundMessageSize: 512000
14856: 17:27:38.752 - MaxOutboundMessageSize: 512000
14856: 17:27:38.752 - Forcing all applications ids to: "Master"
14856: 17:27:38.755 - Serving policy file requests from: "D:\School\Year 3\Minor\Card_Game_Repository\Photon-OnPremise-Server-SDK\deploy\Policy\assets\socket-policy.xml"
14856: 17:27:38.755 - Adding TCP listener on: 0.0.0.0: 4531 with a listen backlog of: 150
14856: 17:27:38.755 - TCP inactivity timeout: 10000ms
14856: 17:27:38.755 - TCP disconnect timeout: 120000ms
14856: 17:27:38.755 - MaxInboundMessageSize: 512000
14856: 17:27:38.755 - MaxOutboundMessageSize: 512000
14856: 17:27:38.755 - Forcing all applications ids to: "Game"
14856: 17:27:38.755 - Serving policy file requests from: "D:\School\Year 3\Minor\Card_Game_Repository\Photon-OnPremise-Server-SDK\deploy\Policy\assets\socket-policy.xml"
14856: 17:27:38.755 - Adding TCP listener on: 0.0.0.0: 4520 with a listen backlog of: 150
14856: 17:27:38.755 - TCP inactivity timeout: 5000ms
14856: 17:27:38.755 - TCP disconnect timeout: 120000ms
14856: 17:27:38.755 - MaxInboundMessageSize: 512000
14856: 17:27:38.755 - MaxOutboundMessageSize: 512000
14856: 17:27:38.755 - Forcing all applications ids to: "Master"
14856: 17:27:38.755 - MaxInboundMessageSize: 512000
14856: 17:27:38.755 - MaxOutboundMessageSize: 512000
14856: 17:27:38.755 - UDP address specified as: "0.0.0.0" adding listener to each available IPv4 address
14856: 17:27:38.756 - Adding UDP listener on: 192.168.2.3: 5055 with a listen backlog of: 500
14856: 17:27:38.756 - Adding UDP listener on: 127.0.0.1: 5055 with a listen backlog of: 500
14856: 17:27:38.756 - Forcing all applications ids to: "Game"
14856: 17:27:38.756 - MaxInboundMessageSize: 512000
14856: 17:27:38.756 - MaxOutboundMessageSize: 512000
14856: 17:27:38.756 - UDP address specified as: "0.0.0.0" adding listener to each available IPv4 address
14856: 17:27:38.756 - Adding UDP listener on: 192.168.2.3: 5056 with a listen backlog of: 500
14856: 17:27:38.756 - Adding UDP listener on: 127.0.0.1: 5056 with a listen backlog of: 500
14856: 17:27:38.756 - Adding WebSocket TCP listener on: 0.0.0.0: 9090 with a listen backlog of: 150
14856: 17:27:38.756 - Nagle disabled
14856: 17:27:38.756 - TCP inactivity timeout: 10000ms
14856: 17:27:38.756 - MaxInboundMessageSize: 512000
14856: 17:27:38.756 - MaxOutboundMessageSize: 512000
14856: 17:27:38.756 - Forcing all applications ids to: "Master"
14856: 17:27:38.756 - Will accept ANY sub-protocols from the client
14856: 17:27:38.756 - No automatic WebSocket ping
14856: 17:27:38.756 - Adding WebSocket TCP listener on: 0.0.0.0: 9091 with a listen backlog of: 150
14856: 17:27:38.756 - Nagle disabled
14856: 17:27:38.756 - TCP inactivity timeout: 10000ms
14856: 17:27:38.756 - MaxInboundMessageSize: 512000
14856: 17:27:38.756 - MaxOutboundMessageSize: 512000
14856: 17:27:38.756 - Forcing all applications ids to: "Game"
14856: 17:27:38.756 - Will accept ANY sub-protocols from the client
14856: 17:27:38.756 - No automatic WebSocket ping
14856: 17:27:38.756 - Adding Policy File listener on: 0.0.0.0: 843 with a listen backlog of: 150 and serving Policy File: "D:\School\Year 3\Minor\Card_Game_Repository\Photon-OnPremise-Server-SDK\deploy\Policy\assets\socket-policy.xml"
14856: 17:27:38.756 - TCP inactivity timeout: 10000ms
14856: 17:27:38.761 - Adding Policy File listener on: 0.0.0.0: 943 with a listen backlog of: 150 and serving Policy File: "D:\School\Year 3\Minor\Card_Game_Repository\Photon-OnPremise-Server-SDK\deploy\Policy\assets\socket-policy-silverlight.xml"
14856: 17:27:38.761 - TCP inactivity timeout: 10000ms
14856: 17:27:38.814 - Service is running...
