12612: 20:40:04.452 - ---
12612: 20:40:04.452 - Service: "Photon Socket Server" starting
12612: 20:40:04.452 - Config File: D:\School\Year 3\Minor\Card_Game_Repository\Photon-OnPremise-Server-SDK_v4-0-29-11263\deploy\bin_Win64\PhotonServer.config
12612: 20:40:04.453 - Will produce at most: 10 crash dumps
12612: 20:40:04.453 - Action: run as exe
12612: 20:40:04.453 - Server Starting...
12612: 20:40:04.453 -    Tick count: 452228000 (wraps in: 44.4761 days)
12612: 20:40:04.453 - Tick count 64: 452228000
12612: 20:40:04.454 - Photon Version: 4.0.28.2962
12612: 20:40:04.454 - PID: 1080
12612: 20:40:04.454 - Config File: D:\School\Year 3\Minor\Card_Game_Repository\Photon-OnPremise-Server-SDK_v4-0-29-11263\deploy\bin_Win64\PhotonServer.config
12612: 20:40:04.454 - Will NOT log unimportant exceptions
12612: 20:40:04.456 - Not using performance counters as they are not currently installed. Run the service with /InstallCounters to install them.
12612: 20:40:04.456 - Shutdown timeout enabled: 30000ms
12612: 20:40:04.456 - Starting I/O thread pool with 2 threads
12612: 20:40:04.456 - Using Standard allocator
12612: 20:40:04.456 - Max message size: 512000
12612: 20:40:04.456 - Starting business logic thread pool with the following settings
12612: 20:40:04.456 - InitialThreads: 4 threads
12612: 20:40:04.456 - MinThreads: 4 threads
12612: 20:40:04.456 - Thread pool is fixed size
12612: 20:40:04.456 - Starting ENet thread pool with the following settings
12612: 20:40:04.456 - InitialThreads: 2 threads
12612: 20:40:04.456 - MinThreads: 2 threads
12612: 20:40:04.456 - Thread pool is fixed size
12612: 20:40:04.456 - OnlyDispatchTimers: False
12612: 20:40:04.456 - S2S: flow control: Max pending writes: 50
12612: 20:40:04.456 - S2S: flow control: Max queued buffers: 200
12612: 20:40:04.456 - S2S: flow control: Max pending writes MUX: 500
12612: 20:40:04.456 - S2S: flow control: Max queued buffers MUX: 2000
12612: 20:40:04.456 - S2S: MaxInboundMessageSize: 512000
12612: 20:40:04.456 - S2S: MaxOutboundMessageSize: 512000
12612: 20:40:04.456 - S2S: No inactivity timeout
12612: 20:40:04.458 - WebSocket S2S: MaxInboundMessageSize: 512000
12612: 20:40:04.458 - WebSocket S2S: MaxOutboundMessageSize: 512000
12612: 20:40:04.458 - WebSocket S2S: No inactivity timeout
12612: 20:40:04.458 - Max Reliable Data In Transit (awaiting ACKs) per peer : 51200 bytes
12612: 20:40:04.458 - Per peer bandwidth limit
12612: 20:40:04.458 - Transmit Rate Limit: 256 KB/Sec
12612: 20:40:04.458 - Limit period: 200ms
12612: 20:40:04.458 - Limit per period: 52428 bytes
12612: 20:40:04.458 - Max queued data for transmission per peer: 512000 bytes
12612: 20:40:04.458 - Minimum retransmit timeout: 200
12612: 20:40:04.458 - No Maximum retransmit timeout
12612: 20:40:04.458 - Minimum ENet timeout: 5000ms
12612: 20:40:04.458 - Maximum ENet timeout: 30000ms
12612: 20:40:04.458 - Max Inbound Reliable Data Queued (awaiting resends of earlier sequence numbers) per peer : 163840 bytes
12612: 20:40:04.458 - No RTT ACK adjustment timeout
12612: 20:40:04.458 - Outbound ENet: MaxInboundMessageSize: 512000
12612: 20:40:04.458 - Outbound ENet: MaxOutboundMessageSize: 512000
12612: 20:40:04.460 - GetRuntime - About to load CLR - versions available:
12612: 20:40:04.460 - v2.0.50727
12612: 20:40:04.460 - v4.0.30319
12612: 20:40:04.460 - Configuration requests: "v2.0.50727"
12612: 20:40:04.460 - About to load version: "v2.0.50727"
12612: 20:40:04.491 - About to load runtime: PhotonHostRuntime.PhotonDomainManager from PhotonHostRuntime, Culture=neutral, PublicKeyToken=02C301B61B060C4D
12612: 20:40:04.491 - CLRBaseDirectory set to "D:\School\Year 3\Minor\Card_Game_Repository\Photon-OnPremise-Server-SDK_v4-0-29-11263\deploy"
12612: 20:40:04.491 - Optimising event broadcast for 20 or more peers
12612: 20:40:04.492 - Start: About to load CLR - versions available:
12612: 20:40:04.492 - v2.0.50727
12612: 20:40:04.492 - v4.0.30319
12612: 20:40:04.492 - No preference in configuration file, will load latest.
12612: 20:40:04.492 - About to load version: "v4.0.30319"
12612: 20:40:04.493 - Loaded version: "v4.0.30319"
12612: 20:40:04.605 - Photon host runtime loaded
12612: 20:40:05.994 - LICENSE: No license file was found. Starting with Bootstrap License.
12612: 20:40:05.995 - License is valid.
12612: 20:40:05.995 - Licensed for 20 concurrent connections.
12612: 20:40:05.995 - ENet: Max Reliable Data In Transit (awaiting ACKs) per peer : 51200 bytes
12612: 20:40:05.995 - ENet: Per peer bandwidth limit
12612: 20:40:05.995 - ENet: Transmit Rate Limit: 256 KB/Sec
12612: 20:40:05.995 - ENet: Limit period: 200ms
12612: 20:40:05.995 - ENet: Limit per period: 52428 bytes
12612: 20:40:05.995 - ENet: Max queued data for transmission per peer: 512000 bytes
12612: 20:40:05.995 - ENet: Minimum retransmit timeout: 200
12612: 20:40:05.995 - No Maximum retransmit timeout
12612: 20:40:05.995 - ENet: Minimum timeout: 5000ms
12612: 20:40:05.995 - ENet: Maximum timeout: 30000ms
12612: 20:40:05.995 - ENet: Max Inbound Reliable Data Queued (awaiting resends of earlier sequence numbers) per peer : 163840 bytes
12612: 20:40:05.995 - No RTT ACK adjustment timeout
12612: 20:40:05.995 - About to load application: Master from Photon.LoadBalancing
12612: 20:40:05.995 - Auto restart is enabled for application, existing connections will be terminated during restart
12612: 20:40:05.995 - Application will restart 1000ms after the last change detected
12612: 20:40:05.995 - Application will restart if files matching the following are changed: "dll;config"
12612: 20:40:05.995 - Application will NOT restart if files matching the following are changed: "log4net.config"
12612: 20:40:06.118 - Taking reference on default app domain
12612: 20:40:06.234 - Application: "Master" started in app domain: 2
12612: 20:40:06.234 - About to load application: Game from Photon.LoadBalancing
12612: 20:40:06.234 - Auto restart is enabled for application, existing connections will be terminated during restart
12612: 20:40:06.234 - Application will restart 1000ms after the last change detected
12612: 20:40:06.234 - Application will restart if files matching the following are changed: "dll;config"
12612: 20:40:06.234 - Application will NOT restart if files matching the following are changed: "log4net.config"
12612: 20:40:06.347 - Taking reference on default app domain
12612: 20:40:06.559 - Application: "Game" started in app domain: 3
12612: 20:40:06.559 - About to load application: CounterPublisher from CounterPublisher
12612: 20:40:06.559 - Auto restart is enabled for application, existing connections will be terminated during restart
12612: 20:40:06.559 - Application will restart 1000ms after the last change detected
12612: 20:40:06.559 - Application will restart if files matching the following are changed: "dll;config"
12612: 20:40:06.559 - Application will NOT restart if files matching the following are changed: "log4net.config"
12612: 20:40:06.674 - Taking reference on default app domain
12612: 20:40:06.772 - Application: "CounterPublisher" started in app domain: 4
12612: 20:40:06.772 - Adding TCP listener on: 0.0.0.0: 4530 with a listen backlog of: 150
12612: 20:40:06.772 - TCP inactivity timeout: 10000ms
12612: 20:40:06.772 - TCP disconnect timeout: 120000ms
12612: 20:40:06.772 - MaxInboundMessageSize: 512000
12612: 20:40:06.772 - MaxOutboundMessageSize: 512000
12612: 20:40:06.772 - Forcing all applications ids to: "Master"
12612: 20:40:06.772 - Serving policy file requests from: "D:\School\Year 3\Minor\Card_Game_Repository\Photon-OnPremise-Server-SDK_v4-0-29-11263\deploy\Policy\assets\socket-policy.xml"
12612: 20:40:06.772 - Adding TCP listener on: 0.0.0.0: 4531 with a listen backlog of: 150
12612: 20:40:06.772 - TCP inactivity timeout: 10000ms
12612: 20:40:06.772 - TCP disconnect timeout: 120000ms
12612: 20:40:06.772 - MaxInboundMessageSize: 512000
12612: 20:40:06.772 - MaxOutboundMessageSize: 512000
12612: 20:40:06.772 - Forcing all applications ids to: "Game"
12612: 20:40:06.773 - Serving policy file requests from: "D:\School\Year 3\Minor\Card_Game_Repository\Photon-OnPremise-Server-SDK_v4-0-29-11263\deploy\Policy\assets\socket-policy.xml"
12612: 20:40:06.773 - Adding TCP listener on: 0.0.0.0: 4520 with a listen backlog of: 150
12612: 20:40:06.773 - TCP inactivity timeout: 5000ms
12612: 20:40:06.773 - TCP disconnect timeout: 120000ms
12612: 20:40:06.773 - MaxInboundMessageSize: 512000
12612: 20:40:06.773 - MaxOutboundMessageSize: 512000
12612: 20:40:06.773 - Forcing all applications ids to: "Master"
12612: 20:40:06.773 - MaxInboundMessageSize: 512000
12612: 20:40:06.773 - MaxOutboundMessageSize: 512000
12612: 20:40:06.773 - UDP address specified as: "0.0.0.0" adding listener to each available IPv4 address
12612: 20:40:06.773 - Adding UDP listener on: 192.168.2.2: 5055 with a listen backlog of: 500
12612: 20:40:06.773 - Adding UDP listener on: 127.0.0.1: 5055 with a listen backlog of: 500
12612: 20:40:06.773 - Forcing all applications ids to: "Game"
12612: 20:40:06.773 - MaxInboundMessageSize: 512000
12612: 20:40:06.773 - MaxOutboundMessageSize: 512000
12612: 20:40:06.773 - UDP address specified as: "0.0.0.0" adding listener to each available IPv4 address
12612: 20:40:06.773 - Adding UDP listener on: 192.168.2.2: 5056 with a listen backlog of: 500
12612: 20:40:06.773 - Adding UDP listener on: 127.0.0.1: 5056 with a listen backlog of: 500
12612: 20:40:06.773 - Adding WebSocket TCP listener on: 0.0.0.0: 9090 with a listen backlog of: 150
12612: 20:40:06.773 - Nagle disabled
12612: 20:40:06.773 - TCP inactivity timeout: 10000ms
12612: 20:40:06.773 - MaxInboundMessageSize: 512000
12612: 20:40:06.773 - MaxOutboundMessageSize: 512000
12612: 20:40:06.773 - Forcing all applications ids to: "Master"
12612: 20:40:06.773 - Will accept ANY sub-protocols from the client
12612: 20:40:06.773 - No automatic WebSocket ping
12612: 20:40:06.773 - Adding WebSocket TCP listener on: 0.0.0.0: 9091 with a listen backlog of: 150
12612: 20:40:06.773 - Nagle disabled
12612: 20:40:06.773 - TCP inactivity timeout: 10000ms
12612: 20:40:06.773 - MaxInboundMessageSize: 512000
12612: 20:40:06.773 - MaxOutboundMessageSize: 512000
12612: 20:40:06.773 - Forcing all applications ids to: "Game"
12612: 20:40:06.773 - Will accept ANY sub-protocols from the client
12612: 20:40:06.773 - No automatic WebSocket ping
12612: 20:40:06.773 - Adding Policy File listener on: 0.0.0.0: 843 with a listen backlog of: 150 and serving Policy File: "D:\School\Year 3\Minor\Card_Game_Repository\Photon-OnPremise-Server-SDK_v4-0-29-11263\deploy\Policy\assets\socket-policy.xml"
12612: 20:40:06.773 - TCP inactivity timeout: 1000ms
12612: 20:40:06.773 - Adding Policy File listener on: 0.0.0.0: 943 with a listen backlog of: 150 and serving Policy File: "D:\School\Year 3\Minor\Card_Game_Repository\Photon-OnPremise-Server-SDK_v4-0-29-11263\deploy\Policy\assets\socket-policy-silverlight.xml"
12612: 20:40:06.773 - TCP inactivity timeout: 1000ms
12612: 20:40:06.796 - Service is running...
