12612: 00:09:21.325 - Service is stopped...
12612: 00:09:21.331 - Server shutting down...
12612: 00:09:21.331 - Shutdown monitoring enabled, 30000ms before process abort
12612: 00:09:21.331 - Notifying CLR applications of shutdown...
12612: 00:09:21.331 - RequestApplicationStop: 4
12612: 00:09:21.738 - RequestApplicationStop: 3
12612: 00:09:21.752 - RequestApplicationStop: 2
12612: 00:09:21.760 - RequestStop: defalt app domain
12612: 00:09:21.764 - Shutting down WebSocket Outbound Connection Manager...
12612: 00:09:21.764 - Shutting down TCP Outbound Connection Manager...
12612: 00:09:21.764 - Shutting down ENet Outbound Connection Manager...
12612: 00:09:21.764 - Disconnecting all outbound peers...
12612: 00:09:21.764 - Shutting down ENet host...
12612: 00:09:21.764 - Disconnecting all peers...
12612: 00:09:21.764 - Shutting down socket servers...
12612: 00:09:21.764 - Shutting down ENet thread pool...
12612: 00:09:21.764 - Shutting down TCP inactivity timers...
12612: 00:09:21.765 - WaitingForShutdownToComplete: NativePolicy:0.0.0.0:843
12612: 00:09:21.765 - OnShutdownCompleted: NativePolicy:0.0.0.0:843
12612: 00:09:21.765 - WaitingForShutdownToComplete: NativePolicy:0.0.0.0:943
12612: 00:09:21.765 - OnShutdownCompleted: NativePolicy:0.0.0.0:943
12612: 00:09:21.765 - WaitingForShutdownToComplete: TCP:0.0.0.0:4520
12612: 00:09:21.765 - OnShutdownCompleted: TCP:0.0.0.0:4520
12612: 00:09:21.765 - WaitingForShutdownToComplete: TCP:0.0.0.0:4530
12612: 00:09:21.765 - OnShutdownCompleted: TCP:0.0.0.0:4530
12612: 00:09:21.765 - WaitingForShutdownToComplete: TCP:0.0.0.0:4531
12612: 00:09:21.765 - OnShutdownCompleted: TCP:0.0.0.0:4531
12612: 00:09:21.765 - WaitingForShutdownToComplete: UDP:127.0.0.1:5055
12612: 00:09:21.765 - OnShutdownCompleted: UDP:127.0.0.1:5055
12612: 00:09:21.765 - WaitingForShutdownToComplete: UDP:127.0.0.1:5056
12612: 00:09:21.765 - OnShutdownCompleted: UDP:127.0.0.1:5056
12612: 00:09:21.765 - WaitingForShutdownToComplete: UDP:192.168.2.2:5055
12612: 00:09:21.765 - OnShutdownCompleted: UDP:192.168.2.2:5055
12612: 00:09:21.765 - WaitingForShutdownToComplete: UDP:192.168.2.2:5056
12612: 00:09:21.765 - OnShutdownCompleted: UDP:192.168.2.2:5056
12612: 00:09:21.765 - WaitingForShutdownToComplete: WebSocket:0.0.0.0:9090
12612: 00:09:21.765 - OnShutdownCompleted: WebSocket:0.0.0.0:9090
12612: 00:09:21.765 - WaitingForShutdownToComplete: WebSocket:0.0.0.0:9091
12612: 00:09:21.765 - OnShutdownCompleted: WebSocket:0.0.0.0:9091
12612: 00:09:21.765 - Shutting down CLR applications...
4372: 00:09:21.769 - CManagedHost::OnDefaultAction() - OPR_AppDomainUnload - eUnloadAppDomain
11200: 00:09:21.777 - Unloading Domain: ApplicationName = 'CounterPublisher', DomainId='4'
4372: 00:09:21.778 - CManagedHost::OnDomainUnload() - 4
12612: 00:09:21.788 - Shutting down business logic thread pool...
12612: 00:09:21.788 - Shutting down I/O thread pool...
12612: 00:09:21.789 - Destroying servers
12612: 00:09:21.789 - Destroying WebSocket Outbound Connection Manager
12612: 00:09:21.789 - Destroying TCP Outbound Connection Manager
12612: 00:09:21.789 - Destroying TCP inactivity timer
12612: 00:09:21.789 - Destroying ENet timer wheel
12612: 00:09:21.789 - Destroying ENet host
12612: 00:09:21.789 - Destroying ENet outbound host
12612: 00:09:21.789 - Destroying HTTP inactivity timer
12612: 00:09:21.789 - Destroying HTTP host
12612: 00:09:21.789 - Destroying HTTP Chunk host
12612: 00:09:21.789 - Flushing ENET buffer allocator...
12612: 00:09:21.790 - Flushing TCP buffer handle allocator...
12612: 00:09:21.790 - Flushing stream socket allocator...
12612: 00:09:21.790 - Flushing inbound datagram socket allocator...
12612: 00:09:21.791 - Flushing outbound datagram socket allocator...
12612: 00:09:21.791 - Destroying CLR dispatcher
12612: 00:09:21.791 - Destroying CLR applications
12612: 00:09:21.792 - ~CCLRApplicationCollection() - Waiting up to 10 seconds for the CLR to release all of our objects
4372: 00:09:21.794 - CManagedHost::OnDefaultAction() - OPR_AppDomainUnload - eUnloadAppDomain
11200: 00:09:21.800 - Unloading Domain: ApplicationName = 'Master', DomainId='2'
4372: 00:09:21.800 - CManagedHost::OnDomainUnload() - 2
4372: 00:09:21.802 - CManagedHost::OnDefaultAction() - OPR_AppDomainUnload - eUnloadAppDomain
11200: 00:09:21.808 - Unloading Domain: ApplicationName = 'Game', DomainId='3'
4372: 00:09:21.808 - CManagedHost::OnDomainUnload() - 3
12612: 00:09:21.809 - ~CCLRApplicationCollection() - Done. All objects released
12612: 00:09:21.809 - ~CManagedHost() - Release default app domain
12612: 00:09:21.809 - CManagedHost::OnDomainUnload() - 1
12612: 00:09:21.809 - ~CManagedHost() - Waiting up to 10 seconds for CLR shutdown...
12612: 00:09:21.809 - ~CManagedHost
12612: 00:09:21.809 - Destroying ENet thread pool
12612: 00:09:21.809 - Destroying Business logic thread pool
12612: 00:09:21.810 - Destroying I/O thread pool
12612: 00:09:21.810 - Destroying ENet buffer allocator
12612: 00:09:21.810 - Destroying TCP buffer allocator
12612: 00:09:21.810 - Destroying TCP socket allocator
12612: 00:09:21.810 - Destroying ENet inbound socket allocator
12612: 00:09:21.810 - Destroying ENet outbound socket allocator
12612: 00:09:21.810 - Destroying shared datagram flow control data
12612: 00:09:21.810 - Shutdown complete...
12612: 00:09:21.810 - Service shutting down
12612: 00:09:21.811 - Service shut down complete
1572: 16:08:30.594 - ---
1572: 16:08:30.594 - Service: "Photon Socket Server" starting
1572: 16:08:30.594 - Config File: D:\School\Year 3\Minor\Card_Game_Repository\Photon-OnPremise-Server-SDK_v4-0-29-11263\deploy\bin_Win64\PhotonServer.config
1572: 16:08:30.631 - Will produce at most: 10 crash dumps
1572: 16:08:30.631 - Action: run as exe
1572: 16:08:30.637 - Server Starting...
1572: 16:08:30.638 -    Tick count: 522334171 (wraps in: 43.6647 days)
1572: 16:08:30.638 - Tick count 64: 522334171
1572: 16:08:30.638 - Photon Version: 4.0.28.2962
1572: 16:08:30.638 - PID: 15568
1572: 16:08:30.639 - Config File: D:\School\Year 3\Minor\Card_Game_Repository\Photon-OnPremise-Server-SDK_v4-0-29-11263\deploy\bin_Win64\PhotonServer.config
1572: 16:08:30.639 - Will NOT log unimportant exceptions
1572: 16:08:30.644 - Not using performance counters as they are not currently installed. Run the service with /InstallCounters to install them.
1572: 16:08:30.644 - Shutdown timeout enabled: 30000ms
1572: 16:08:30.653 - Starting I/O thread pool with 2 threads
1572: 16:08:30.654 - Using Standard allocator
1572: 16:08:30.654 - Max message size: 512000
1572: 16:08:30.655 - Starting business logic thread pool with the following settings
1572: 16:08:30.655 - InitialThreads: 4 threads
1572: 16:08:30.655 - MinThreads: 4 threads
1572: 16:08:30.655 - Thread pool is fixed size
1572: 16:08:30.655 - Starting ENet thread pool with the following settings
1572: 16:08:30.655 - InitialThreads: 2 threads
1572: 16:08:30.655 - MinThreads: 2 threads
1572: 16:08:30.655 - Thread pool is fixed size
1572: 16:08:30.655 - OnlyDispatchTimers: False
1572: 16:08:30.656 - S2S: flow control: Max pending writes: 50
1572: 16:08:30.656 - S2S: flow control: Max queued buffers: 200
1572: 16:08:30.656 - S2S: flow control: Max pending writes MUX: 500
1572: 16:08:30.656 - S2S: flow control: Max queued buffers MUX: 2000
1572: 16:08:30.656 - S2S: MaxInboundMessageSize: 512000
1572: 16:08:30.656 - S2S: MaxOutboundMessageSize: 512000
1572: 16:08:30.656 - S2S: No inactivity timeout
1572: 16:08:30.659 - WebSocket S2S: MaxInboundMessageSize: 512000
1572: 16:08:30.659 - WebSocket S2S: MaxOutboundMessageSize: 512000
1572: 16:08:30.659 - WebSocket S2S: No inactivity timeout
1572: 16:08:30.660 - Max Reliable Data In Transit (awaiting ACKs) per peer : 51200 bytes
1572: 16:08:30.660 - Per peer bandwidth limit
1572: 16:08:30.660 - Transmit Rate Limit: 256 KB/Sec
1572: 16:08:30.660 - Limit period: 200ms
1572: 16:08:30.660 - Limit per period: 52428 bytes
1572: 16:08:30.660 - Max queued data for transmission per peer: 512000 bytes
1572: 16:08:30.660 - Minimum retransmit timeout: 200
1572: 16:08:30.660 - No Maximum retransmit timeout
1572: 16:08:30.660 - Minimum ENet timeout: 5000ms
1572: 16:08:30.660 - Maximum ENet timeout: 30000ms
1572: 16:08:30.660 - Max Inbound Reliable Data Queued (awaiting resends of earlier sequence numbers) per peer : 163840 bytes
1572: 16:08:30.660 - No RTT ACK adjustment timeout
1572: 16:08:30.660 - Outbound ENet: MaxInboundMessageSize: 512000
1572: 16:08:30.660 - Outbound ENet: MaxOutboundMessageSize: 512000
1572: 16:08:30.668 - GetRuntime - About to load CLR - versions available:
1572: 16:08:30.668 - v2.0.50727
1572: 16:08:30.668 - v4.0.30319
1572: 16:08:30.668 - Configuration requests: "v2.0.50727"
1572: 16:08:30.668 - About to load version: "v2.0.50727"
1572: 16:08:30.700 - About to load runtime: PhotonHostRuntime.PhotonDomainManager from PhotonHostRuntime, Culture=neutral, PublicKeyToken=02C301B61B060C4D
1572: 16:08:30.700 - CLRBaseDirectory set to "D:\School\Year 3\Minor\Card_Game_Repository\Photon-OnPremise-Server-SDK_v4-0-29-11263\deploy"
1572: 16:08:30.700 - Optimising event broadcast for 20 or more peers
1572: 16:08:30.702 - Start: About to load CLR - versions available:
1572: 16:08:30.702 - v2.0.50727
1572: 16:08:30.702 - v4.0.30319
1572: 16:08:30.702 - No preference in configuration file, will load latest.
1572: 16:08:30.702 - About to load version: "v4.0.30319"
1572: 16:08:30.703 - Loaded version: "v4.0.30319"
1572: 16:08:30.891 - Photon host runtime loaded
1572: 16:08:32.300 - LICENSE: No license file was found. Starting with Bootstrap License.
1572: 16:08:32.300 - License is valid.
1572: 16:08:32.300 - Licensed for 20 concurrent connections.
1572: 16:08:32.300 - ENet: Max Reliable Data In Transit (awaiting ACKs) per peer : 51200 bytes
1572: 16:08:32.300 - ENet: Per peer bandwidth limit
1572: 16:08:32.300 - ENet: Transmit Rate Limit: 256 KB/Sec
1572: 16:08:32.300 - ENet: Limit period: 200ms
1572: 16:08:32.300 - ENet: Limit per period: 52428 bytes
1572: 16:08:32.300 - ENet: Max queued data for transmission per peer: 512000 bytes
1572: 16:08:32.300 - ENet: Minimum retransmit timeout: 200
1572: 16:08:32.300 - No Maximum retransmit timeout
1572: 16:08:32.300 - ENet: Minimum timeout: 5000ms
1572: 16:08:32.300 - ENet: Maximum timeout: 30000ms
1572: 16:08:32.300 - ENet: Max Inbound Reliable Data Queued (awaiting resends of earlier sequence numbers) per peer : 163840 bytes
1572: 16:08:32.300 - No RTT ACK adjustment timeout
1572: 16:08:32.300 - About to load application: Master from Photon.LoadBalancing
1572: 16:08:32.300 - Auto restart is enabled for application, existing connections will be terminated during restart
1572: 16:08:32.300 - Application will restart 1000ms after the last change detected
1572: 16:08:32.300 - Application will restart if files matching the following are changed: "dll;config"
1572: 16:08:32.300 - Application will NOT restart if files matching the following are changed: "log4net.config"
1572: 16:08:32.602 - Taking reference on default app domain
1572: 16:08:33.017 - Application: "Master" started in app domain: 2
1572: 16:08:33.017 - About to load application: Game from Photon.LoadBalancing
1572: 16:08:33.017 - Auto restart is enabled for application, existing connections will be terminated during restart
1572: 16:08:33.017 - Application will restart 1000ms after the last change detected
1572: 16:08:33.017 - Application will restart if files matching the following are changed: "dll;config"
1572: 16:08:33.017 - Application will NOT restart if files matching the following are changed: "log4net.config"
1572: 16:08:33.287 - Taking reference on default app domain
1572: 16:08:33.778 - Application: "Game" started in app domain: 3
1572: 16:08:33.778 - About to load application: CounterPublisher from CounterPublisher
1572: 16:08:33.778 - Auto restart is enabled for application, existing connections will be terminated during restart
1572: 16:08:33.778 - Application will restart 1000ms after the last change detected
1572: 16:08:33.778 - Application will restart if files matching the following are changed: "dll;config"
1572: 16:08:33.778 - Application will NOT restart if files matching the following are changed: "log4net.config"
1572: 16:08:34.030 - Taking reference on default app domain
1572: 16:08:34.310 - Application: "CounterPublisher" started in app domain: 4
1572: 16:08:34.312 - Adding TCP listener on: 0.0.0.0: 4530 with a listen backlog of: 150
1572: 16:08:34.312 - TCP inactivity timeout: 10000ms
1572: 16:08:34.312 - TCP disconnect timeout: 120000ms
1572: 16:08:34.312 - MaxInboundMessageSize: 512000
1572: 16:08:34.312 - MaxOutboundMessageSize: 512000
1572: 16:08:34.312 - Forcing all applications ids to: "Master"
1572: 16:08:34.329 - Serving policy file requests from: "D:\School\Year 3\Minor\Card_Game_Repository\Photon-OnPremise-Server-SDK_v4-0-29-11263\deploy\Policy\assets\socket-policy.xml"
1572: 16:08:34.329 - Adding TCP listener on: 0.0.0.0: 4531 with a listen backlog of: 150
1572: 16:08:34.329 - TCP inactivity timeout: 10000ms
1572: 16:08:34.329 - TCP disconnect timeout: 120000ms
1572: 16:08:34.329 - MaxInboundMessageSize: 512000
1572: 16:08:34.329 - MaxOutboundMessageSize: 512000
1572: 16:08:34.329 - Forcing all applications ids to: "Game"
1572: 16:08:34.330 - Serving policy file requests from: "D:\School\Year 3\Minor\Card_Game_Repository\Photon-OnPremise-Server-SDK_v4-0-29-11263\deploy\Policy\assets\socket-policy.xml"
1572: 16:08:34.330 - Adding TCP listener on: 0.0.0.0: 4520 with a listen backlog of: 150
1572: 16:08:34.330 - TCP inactivity timeout: 5000ms
1572: 16:08:34.330 - TCP disconnect timeout: 120000ms
1572: 16:08:34.330 - MaxInboundMessageSize: 512000
1572: 16:08:34.330 - MaxOutboundMessageSize: 512000
1572: 16:08:34.330 - Forcing all applications ids to: "Master"
1572: 16:08:34.330 - MaxInboundMessageSize: 512000
1572: 16:08:34.330 - MaxOutboundMessageSize: 512000
1572: 16:08:34.330 - UDP address specified as: "0.0.0.0" adding listener to each available IPv4 address
1572: 16:08:34.330 - Adding UDP listener on: 192.168.2.2: 5055 with a listen backlog of: 500
1572: 16:08:34.330 - Adding UDP listener on: 127.0.0.1: 5055 with a listen backlog of: 500
1572: 16:08:34.330 - Forcing all applications ids to: "Game"
1572: 16:08:34.330 - MaxInboundMessageSize: 512000
1572: 16:08:34.330 - MaxOutboundMessageSize: 512000
1572: 16:08:34.330 - UDP address specified as: "0.0.0.0" adding listener to each available IPv4 address
1572: 16:08:34.330 - Adding UDP listener on: 192.168.2.2: 5056 with a listen backlog of: 500
1572: 16:08:34.330 - Adding UDP listener on: 127.0.0.1: 5056 with a listen backlog of: 500
1572: 16:08:34.330 - Adding WebSocket TCP listener on: 0.0.0.0: 9090 with a listen backlog of: 150
1572: 16:08:34.330 - Nagle disabled
1572: 16:08:34.330 - TCP inactivity timeout: 10000ms
1572: 16:08:34.330 - MaxInboundMessageSize: 512000
1572: 16:08:34.330 - MaxOutboundMessageSize: 512000
1572: 16:08:34.330 - Forcing all applications ids to: "Master"
1572: 16:08:34.330 - Will accept ANY sub-protocols from the client
1572: 16:08:34.330 - No automatic WebSocket ping
1572: 16:08:34.331 - Adding WebSocket TCP listener on: 0.0.0.0: 9091 with a listen backlog of: 150
1572: 16:08:34.331 - Nagle disabled
1572: 16:08:34.331 - TCP inactivity timeout: 10000ms
1572: 16:08:34.331 - MaxInboundMessageSize: 512000
1572: 16:08:34.331 - MaxOutboundMessageSize: 512000
1572: 16:08:34.331 - Forcing all applications ids to: "Game"
1572: 16:08:34.331 - Will accept ANY sub-protocols from the client
1572: 16:08:34.331 - No automatic WebSocket ping
1572: 16:08:34.331 - Adding Policy File listener on: 0.0.0.0: 843 with a listen backlog of: 150 and serving Policy File: "D:\School\Year 3\Minor\Card_Game_Repository\Photon-OnPremise-Server-SDK_v4-0-29-11263\deploy\Policy\assets\socket-policy.xml"
1572: 16:08:34.331 - TCP inactivity timeout: 1000ms
1572: 16:08:34.336 - Adding Policy File listener on: 0.0.0.0: 943 with a listen backlog of: 150 and serving Policy File: "D:\School\Year 3\Minor\Card_Game_Repository\Photon-OnPremise-Server-SDK_v4-0-29-11263\deploy\Policy\assets\socket-policy-silverlight.xml"
1572: 16:08:34.336 - TCP inactivity timeout: 1000ms
1572: 16:08:34.389 - Service is running...
